Drill Listing
=============
Drill: .006  Tool: 1  Feed: 0  Speed: 0
X 272500  Y 153000
X 290500  Y 175500
X 292500  Y 175500
X 294500  Y 175500
X 296500  Y 172000
X 298500  Y 173500
X 306000  Y 184100
X 306000  Y 180000
X 308000  Y 182000
X 319000  Y 159500
X 329500  Y 185500
X 329500  Y 187500
X 316000  Y 210500
X 307500  Y 196000
X 307500  Y 200000
X 307500  Y 192000
X 306000  Y 202000
X 306000  Y 198000
X 306000  Y 194000
X 303000  Y 210500
X 298500  Y 212000
X 294500  Y 211500
X 288500  Y 211500
X 281500  Y 197000
X 281000  Y 193000
X 280500  Y 204000
X 280500  Y 199000
X 273000  Y 201500
X 279000  Y 225500
X 287000  Y 225500
X 294500  Y 224000
X 302000  Y 225500

Drill: .01  Tool: 2  Feed: 95  Speed: 300
X 153000  Y 144000
X 153000  Y 151000
X 153000  Y 147500
X 164000  Y 131000
X 170000  Y 140000
X 172500  Y 127500
X 172500  Y 140000
X 185000  Y 163000
X 191000  Y 152500
X 194500  Y 118000
X 200500  Y 127000
X 208000  Y 113500
X 210500  Y 152000
X 213000  Y 141000
X 218000  Y 153000
X 223000  Y 151500
X 231000  Y 147500
X 234000  Y 132500
X 234000  Y 157500
X 237500  Y 158000
X 241000  Y 140000
X 249000  Y 140000
X 249000  Y 161000
X 255500  Y 158000
X 258500  Y 140000
X 261500  Y 148500
X 264000  Y 157000
X 269500  Y 156000
X 275000  Y 141000
X 276000  Y 157500
X 277500  Y 150200
X 280000  Y 141000
X 286500  Y 140000
X 293000  Y 157500
X 293500  Y 150500
X 300000  Y 161500
X 302500  Y 153500
X 309500  Y 157000
X 312000  Y 132000
X 313000  Y 153500
X 318000  Y 153500
X 330500  Y 132000
X 334500  Y 154000
X 340000  Y 154000
X 341500  Y 160000
X 342000  Y 138500
X 345500  Y 154000
X 349000  Y 144500
X 397500  Y 142500
X 428500  Y 148000
X 434500  Y 162500
X 440500  Y 155000
X 443000  Y 152500
X 369000  Y 166500
X 363500  Y 163500
X 346000  Y 180000
X 346000  Y 184500
X 334000  Y 180000
X 333500  Y 183500
X 330500  Y 180000
X 319500  Y 164500
X 315000  Y 172000
X 298000  Y 182500
X 298000  Y 185500
X 295000  Y 185500
X 295000  Y 182500
X 292000  Y 185500
X 292000  Y 182500
X 289000  Y 165500
X 289000  Y 185500
X 289000  Y 182500
X 280000  Y 173500
X 266500  Y 173000
X 265000  Y 180500
X 258500  Y 188000
X 256500  Y 169500
X 249500  Y 171000
X 248500  Y 180500
X 243000  Y 166500
X 237500  Y 172000
X 231000  Y 170500
X 225000  Y 178000
X 225000  Y 170500
X 210500  Y 175500
X 189500  Y 177000
X 189500  Y 173500
X 189500  Y 180500
X 186500  Y 180500
X 186500  Y 173500
X 186500  Y 177000
X 183500  Y 173500
X 183500  Y 177000
X 183500  Y 180500
X 180500  Y 180500
X 180500  Y 177000
X 180500  Y 173500
X 177500  Y 180500
X 177500  Y 173500
X 177500  Y 177000
X 166500  Y 174000
X 166500  Y 206000
X 171000  Y 206000
X 175500  Y 206000
X 180000  Y 206000
X 184500  Y 206000
X 197500  Y 189500
X 215000  Y 194500
X 215000  Y 197500
X 215000  Y 200500
X 231000  Y 189000
X 234000  Y 197500
X 245000  Y 206500
X 257500  Y 194500
X 264500  Y 208000
X 265000  Y 194500
X 279500  Y 190000
X 282500  Y 212500
X 289000  Y 203500
X 289000  Y 188500
X 289000  Y 194500
X 289000  Y 197500
X 289000  Y 191500
X 289000  Y 200500
X 292000  Y 200500
X 292000  Y 203500
X 292000  Y 197500
X 292000  Y 188500
X 292000  Y 191500
X 292000  Y 194500
X 295000  Y 203500
X 295000  Y 188500
X 295000  Y 191500
X 295000  Y 197500
X 295000  Y 194500
X 295000  Y 200500
X 298000  Y 200500
X 298000  Y 188500
X 298000  Y 194500
X 298000  Y 191500
X 298000  Y 197500
X 298000  Y 203500
X 319476  Y 200023
X 321000  Y 213000
X 327000  Y 213000
X 327000  Y 200000
X 330500  Y 193500
X 334000  Y 196500
X 343500  Y 203500
X 346000  Y 189000
X 353000  Y 200500
X 353000  Y 212500
X 353000  Y 206500
X 353000  Y 218500
X 343500  Y 215500
X 329500  Y 221000
X 317000  Y 230500
X 313000  Y 224000
X 308500  Y 223500
X 306000  Y 237500
X 302000  Y 237500
X 301000  Y 220500
X 298000  Y 219500
X 297000  Y 237500
X 292500  Y 237500
X 287000  Y 237500
X 283500  Y 237500
X 279000  Y 237500
X 276000  Y 237500
X 275000  Y 214500
X 259500  Y 224500
X 244000  Y 218000
X 213500  Y 220000
X 213500  Y 229000
X 163500  Y 219000
X 163500  Y 230000
X 157500  Y 219000
X 157500  Y 230000
X 151500  Y 230000
X 151500  Y 219000
X 235500  Y 287000
X 235500  Y 284000
X 235500  Y 281000
X 235500  Y 278000
X 235500  Y 275000
X 238500  Y 287000
X 238500  Y 284000
X 238500  Y 281000
X 238500  Y 278000
X 238500  Y 275000
X 241500  Y 284000
X 241500  Y 281000
X 241500  Y 278000
X 241500  Y 287000
X 241500  Y 275000
X 244500  Y 284000
X 244500  Y 281000
X 244500  Y 278000
X 244500  Y 287000
X 244500  Y 275000
X 247500  Y 284000
X 247500  Y 281000
X 247500  Y 278000
X 247500  Y 287000
X 247500  Y 275000
X 259000  Y 275000
X 259000  Y 278000
X 259000  Y 281000
X 259000  Y 284000
X 259000  Y 287000
X 262000  Y 275000
X 262000  Y 278000
X 262000  Y 281000
X 262000  Y 284000
X 262000  Y 287000
X 265000  Y 278000
X 265000  Y 275000
X 265000  Y 281000
X 265000  Y 284000
X 265000  Y 287000
X 268000  Y 284000
X 268000  Y 275000
X 268000  Y 278000
X 268000  Y 281000
X 268000  Y 287000
X 271000  Y 281000
X 271000  Y 278000
X 271000  Y 275000
X 271000  Y 284000
X 271000  Y 287000
X 305500  Y 257500
X 307500  Y 277500
X 309500  Y 257000
X 318500  Y 258000
X 271000  Y 312500
X 271000  Y 309500
X 271000  Y 306500
X 271000  Y 303500
X 270500  Y 300000
X 268000  Y 312500
X 268000  Y 309500
X 268000  Y 306500
X 268000  Y 303500
X 265000  Y 312500
X 265000  Y 309500
X 265000  Y 306500
X 265000  Y 303500
X 262000  Y 312500
X 262000  Y 309500
X 262000  Y 306500
X 262000  Y 303500
X 259000  Y 312500
X 259000  Y 309500
X 259000  Y 306500
X 259000  Y 303500
X 255250  Y 294000
X 247500  Y 306500
X 247500  Y 303500
X 247500  Y 309500
X 247500  Y 312500
X 244500  Y 306500
X 244500  Y 303500
X 244500  Y 309500
X 244500  Y 312500
X 241500  Y 306500
X 241500  Y 303500
X 241500  Y 312500
X 241500  Y 309500
X 238500  Y 312500
X 238500  Y 306500
X 238500  Y 303500
X 238500  Y 309500
X 235500  Y 309500
X 235500  Y 306500
X 235500  Y 303500
X 235500  Y 312500
X 231500  Y 293000
X 231500  Y 323500
X 235500  Y 315500
X 235500  Y 358500
X 235500  Y 355500
X 235500  Y 352500
X 235500  Y 349500
X 235500  Y 346500
X 238500  Y 315500
X 238500  Y 358500
X 238500  Y 355500
X 238500  Y 352500
X 238500  Y 349500
X 238500  Y 346500
X 241500  Y 315500
X 241500  Y 358500
X 241500  Y 355500
X 241500  Y 352500
X 241500  Y 349500
X 241500  Y 346500
X 244500  Y 358500
X 244500  Y 355500
X 244500  Y 315500
X 244500  Y 352500
X 244500  Y 349500
X 244500  Y 346500
X 247500  Y 355500
X 247500  Y 352500
X 247500  Y 358500
X 247500  Y 315500
X 247500  Y 349500
X 247500  Y 346500
X 251000  Y 338500
X 255500  Y 323500
X 259000  Y 315500
X 259000  Y 346500
X 259000  Y 349500
X 259000  Y 352500
X 259000  Y 355500
X 259000  Y 358500
X 262000  Y 346500
X 262000  Y 349500
X 262000  Y 352500
X 262000  Y 315500
X 262000  Y 355500
X 262000  Y 358500
X 265000  Y 349500
X 265000  Y 315500
X 265000  Y 352500
X 265000  Y 346500
X 265000  Y 355500
X 265000  Y 358500
X 268000  Y 315500
X 268000  Y 352500
X 268000  Y 349500
X 268000  Y 355500
X 268000  Y 358500
X 268000  Y 346500
X 271000  Y 346500
X 271000  Y 315500
X 271000  Y 355500
X 271000  Y 358500
X 271000  Y 352500
X 271000  Y 349500
X 274750  Y 338500
X 298500  Y 330500
X 303500  Y 330500
X 317000  Y 384500
X 274500  Y 368000
X 271000  Y 387000
X 271000  Y 384000
X 271000  Y 381000
X 271000  Y 378000
X 268000  Y 387000
X 268000  Y 384000
X 268000  Y 381000
X 268000  Y 378000
X 265000  Y 387000
X 265000  Y 384000
X 265000  Y 381000
X 265000  Y 378000
X 262500  Y 365000
X 262000  Y 387000
X 262000  Y 384000
X 262000  Y 381000
X 262000  Y 378000
X 259000  Y 387000
X 259000  Y 384000
X 259000  Y 381000
X 259000  Y 378000
X 251000  Y 369000
X 247500  Y 378000
X 247500  Y 387000
X 247500  Y 381000
X 247500  Y 384000
X 244500  Y 381000
X 244500  Y 378000
X 244500  Y 384000
X 244500  Y 387000
X 241500  Y 384000
X 241500  Y 378000
X 241500  Y 381000
X 241500  Y 387000
X 238500  Y 381000
X 238500  Y 387000
X 238500  Y 384000
X 238500  Y 378000
X 235500  Y 381000
X 235500  Y 387000
X 235500  Y 384000
X 235500  Y 378000
X 235500  Y 390000
X 238500  Y 390000
X 241500  Y 390000
X 244500  Y 390000
X 247500  Y 390000
X 259000  Y 390000
X 262000  Y 390000
X 265000  Y 390000
X 268000  Y 390000
X 271000  Y 390000
X 295000  Y 394000
X 295000  Y 399000

Drill: .015  Tool: 3  Feed: 95  Speed: 300
X 402000  Y 189500
X 402000  Y 194000
X 402000  Y 198500
X 412000  Y 189500
X 412000  Y 198500
X 412000  Y 194000
X 499500  Y 234500
X 499500  Y 224500
X 494000  Y 234500
X 494000  Y 224500
X 489000  Y 234500
X 489000  Y 224500
X 412000  Y 280000
X 412000  Y 284500
X 402000  Y 284500
X 402000  Y 280000
X 226500  Y 277500
X 226500  Y 272500
X 226500  Y 287500
X 226500  Y 282500
X 224000  Y 285000
X 224000  Y 275000
X 224000  Y 280000
X 221500  Y 282500
X 221500  Y 277500
X 221500  Y 272500
X 221500  Y 287500
X 219000  Y 285000
X 219000  Y 275000
X 219000  Y 280000
X 216500  Y 277500
X 216500  Y 282500
X 216500  Y 272500
X 216500  Y 287500
X 214000  Y 275000
X 214000  Y 280000
X 214000  Y 285000
X 211500  Y 277500
X 211500  Y 287500
X 211500  Y 282500
X 211500  Y 272500
X 211500  Y 299000
X 211500  Y 294000
X 214000  Y 296500
X 216500  Y 294000
X 216500  Y 299000
X 219000  Y 296500
X 221500  Y 299000
X 221500  Y 294000
X 224000  Y 296500
X 226500  Y 294000
X 226500  Y 299000
X 288000  Y 297500
X 288000  Y 294000
X 293000  Y 294000
X 293000  Y 297500
X 298000  Y 297500
X 298000  Y 294000
X 317000  Y 294000
X 317000  Y 297500
X 322000  Y 297500
X 322000  Y 294000
X 327000  Y 294000
X 327000  Y 297500
X 402000  Y 312500
X 402000  Y 308000
X 402000  Y 289000
X 412000  Y 289000
X 412000  Y 308000
X 412000  Y 312500
X 499500  Y 328000
X 499500  Y 338000
X 494000  Y 328000
X 494000  Y 338000
X 489000  Y 328000
X 489000  Y 338000
X 412000  Y 317000
X 402000  Y 317000
X 226500  Y 323500
X 226500  Y 328500
X 226500  Y 334500
X 224000  Y 326000
X 224000  Y 337000
X 221500  Y 334500
X 221500  Y 328500
X 221500  Y 323500
X 219000  Y 337000
X 219000  Y 326000
X 216500  Y 328500
X 216500  Y 334500
X 216500  Y 323500
X 214000  Y 326000
X 214000  Y 337000
X 211500  Y 334500
X 211500  Y 328500
X 211500  Y 323500
X 211500  Y 339500
X 211500  Y 376000
X 211500  Y 381000
X 211500  Y 386000
X 211500  Y 370000
X 211500  Y 365000
X 214000  Y 367500
X 214000  Y 383500
X 214000  Y 378500
X 216500  Y 376000
X 216500  Y 381000
X 216500  Y 386000
X 216500  Y 339500
X 216500  Y 370000
X 216500  Y 365000
X 219000  Y 367500
X 219000  Y 383500
X 219000  Y 378500
X 221500  Y 381000
X 221500  Y 386000
X 221500  Y 370000
X 221500  Y 376000
X 221500  Y 365000
X 221500  Y 339500
X 224000  Y 367500
X 224000  Y 383500
X 224000  Y 378500
X 226500  Y 370000
X 226500  Y 381000
X 226500  Y 376000
X 226500  Y 386000
X 226500  Y 365000
X 226500  Y 339500
X 288000  Y 366500
X 288000  Y 363000
X 292500  Y 366500
X 292500  Y 363000
X 297500  Y 363000
X 297500  Y 366500
X 318000  Y 348500
X 318000  Y 345000
X 322500  Y 348500
X 322500  Y 345000
X 327500  Y 348500
X 327500  Y 345000
X 412000  Y 397500
X 412000  Y 406500
X 412000  Y 402000
X 402000  Y 406500
X 402000  Y 397500
X 402000  Y 402000
X 226500  Y 391000
X 224000  Y 388500
X 221500  Y 391000
X 219000  Y 388500
X 216500  Y 391000
X 214000  Y 388500
X 211500  Y 391000

Drill: .035  Tool: 4  Feed: 197  Speed: 550
X 230000  Y 115000
X 230000  Y 125000
X 240000  Y 115000
X 240000  Y 125000
X 250000  Y 115000
X 250000  Y 125000
X 260000  Y 115000
X 260000  Y 125000
X 270000  Y 115000
X 270000  Y 125000
X 280000  Y 115000
X 280000  Y 125000
X 290000  Y 115000
X 290000  Y 125000
X 300000  Y 115000
X 300000  Y 125000
X 310000  Y 115000
X 310000  Y 125000
X 320000  Y 115000
X 320000  Y 125000
X 330000  Y 115000
X 330000  Y 125000
X 340000  Y 115000
X 340000  Y 125000
X 350000  Y 115000
X 350000  Y 125000
X 387500  Y 115000
X 387500  Y 125000
X 397500  Y 115000
X 397500  Y 125000
X 407500  Y 115000
X 407500  Y 125000
X 417500  Y 115000
X 417500  Y 125000
X 427500  Y 115000
X 427500  Y 125000
X 437500  Y 115000
X 437500  Y 125000
X 447500  Y 115000
X 447500  Y 125000
X 457500  Y 115000
X 457500  Y 125000
X 417500  Y 152500
X 417500  Y 162500
X 407500  Y 152500
X 407500  Y 162500
X 397500  Y 152500
X 397500  Y 162500
X 387500  Y 152500
X 387500  Y 162500

Drill: .05906  Tool: 5  Feed: 107  Speed: 550
X 512704  Y 201007
X 512704  Y 258094
X 512704  Y 305007
X 512704  Y 362094

Drill: .07  Tool: 6  Feed: 81  Speed: 550
X 159500  Y 430000
X 519500  Y 143500

Drill: .07087  Tool: 7  Feed: 81  Speed: 550
X 450500  Y 214000
X 450500  Y 245102
X 450500  Y 318000
X 450500  Y 349102

Drill: .126  Tool: 8  Feed: 35  Speed: 794
X 205000  Y 257500
X 325000  Y 330000
X 205000  Y 410000

Drill: .187  Tool: 9  Feed: 35  Speed: 1033
X 142500  Y 117500
X 507500  Y 117500
X 507500  Y 422500
X 142500  Y 422500

Drill: .195  Tool: 10  Feed: 35  Speed: 1033
X 484500  Y 176500
X 485000  Y 281500
X 484500  Y 385500

End of Listing
